2020-11-09 11:37:12,353 ERROR 13833 nodejs.SequelizeConnectionRefusedError: connect ECONNREFUSED 127.0.0.1:3306
    at /Users/Bobyang/Code/enfashop/shopify-platform/node_modules/sequelize/lib/dialects/mysql/connection-manager.js:123:19
From previous event:
    at ConnectionManager.connect (/Users/Bobyang/Code/enfashop/shopify-platform/node_modules/sequelize/lib/dialects/mysql/connection-manager.js:120:13)
    at /Users/Bobyang/Code/enfashop/shopify-platform/node_modules/sequelize/lib/dialects/abstract/connection-manager.js:311:50
    at processImmediate (internal/timers.js:439:21)
From previous event:
    at ConnectionManager._connect (/Users/Bobyang/Code/enfashop/shopify-platform/node_modules/sequelize/lib/dialects/abstract/connection-manager.js:311:8)
    at ConnectionManager.getConnection (/Users/Bobyang/Code/enfashop/shopify-platform/node_modules/sequelize/lib/dialects/abstract/connection-manager.js:247:46)
    at /Users/Bobyang/Code/enfashop/shopify-platform/node_modules/sequelize/lib/sequelize.js:640:36
From previous event:
    at /Users/Bobyang/Code/enfashop/shopify-platform/node_modules/sequelize/lib/sequelize.js:631:53
    at /Users/Bobyang/Code/enfashop/shopify-platform/node_modules/retry-as-promised/index.js:70:21
    at new Promise (<anonymous>)
    at retryAsPromised (/Users/Bobyang/Code/enfashop/shopify-platform/node_modules/retry-as-promised/index.js:60:10)
    at /Users/Bobyang/Code/enfashop/shopify-platform/node_modules/sequelize/lib/sequelize.js:631:30
From previous event:
    at Sequelize.query (/Users/Bobyang/Code/enfashop/shopify-platform/node_modules/sequelize/lib/sequelize.js:580:23)
    at Sequelize.authenticate (/Users/Bobyang/Code/enfashop/shopify-platform/node_modules/sequelize/lib/sequelize.js:892:17)
    at authenticate (/Users/Bobyang/Code/enfashop/shopify-platform/node_modules/egg-sequelize/lib/loader.js:134:22)
    at authenticate (/Users/Bobyang/Code/enfashop/shopify-platform/node_modules/egg-sequelize/lib/loader.js:142:13)
    at async authenticate (/Users/Bobyang/Code/enfashop/shopify-platform/node_modules/egg-sequelize/lib/loader.js:142:7)
    at async authenticate (/Users/Bobyang/Code/enfashop/shopify-platform/node_modules/egg-sequelize/lib/loader.js:142:7)
    at async Promise.all (index 0)
    at async /Users/Bobyang/Code/enfashop/shopify-platform/node_modules/egg-sequelize/lib/loader.js:40:5
name: "SequelizeConnectionRefusedError"
parent: {"errno":"ECONNREFUSED","code":"ECONNREFUSED","syscall":"connect","address":"127.0.0.1","port":3306,"fatal":true}
original: {"errno":"ECONNREFUSED","code":"ECONNREFUSED","syscall":"connect","address":"127.0.0.1","port":3306,"fatal":true}
pid: 13833
hostname: Bobs-MacBook-Pro.local

2020-11-09 11:39:23,486 ERROR 14070 nodejs.SequelizeConnectionError: Unknown database 'rb-platform'
    at /Users/Bobyang/Code/enfashop/shopify-platform/node_modules/sequelize/lib/dialects/mysql/connection-manager.js:133:19
From previous event:
    at ConnectionManager.connect (/Users/Bobyang/Code/enfashop/shopify-platform/node_modules/sequelize/lib/dialects/mysql/connection-manager.js:120:13)
    at /Users/Bobyang/Code/enfashop/shopify-platform/node_modules/sequelize/lib/dialects/abstract/connection-manager.js:311:50
    at processImmediate (internal/timers.js:439:21)
From previous event:
    at ConnectionManager._connect (/Users/Bobyang/Code/enfashop/shopify-platform/node_modules/sequelize/lib/dialects/abstract/connection-manager.js:311:8)
    at ConnectionManager.getConnection (/Users/Bobyang/Code/enfashop/shopify-platform/node_modules/sequelize/lib/dialects/abstract/connection-manager.js:247:46)
    at /Users/Bobyang/Code/enfashop/shopify-platform/node_modules/sequelize/lib/sequelize.js:640:36
From previous event:
    at /Users/Bobyang/Code/enfashop/shopify-platform/node_modules/sequelize/lib/sequelize.js:631:53
    at /Users/Bobyang/Code/enfashop/shopify-platform/node_modules/retry-as-promised/index.js:70:21
    at new Promise (<anonymous>)
    at retryAsPromised (/Users/Bobyang/Code/enfashop/shopify-platform/node_modules/retry-as-promised/index.js:60:10)
    at /Users/Bobyang/Code/enfashop/shopify-platform/node_modules/sequelize/lib/sequelize.js:631:30
From previous event:
    at Sequelize.query (/Users/Bobyang/Code/enfashop/shopify-platform/node_modules/sequelize/lib/sequelize.js:580:23)
    at Sequelize.authenticate (/Users/Bobyang/Code/enfashop/shopify-platform/node_modules/sequelize/lib/sequelize.js:892:17)
    at authenticate (/Users/Bobyang/Code/enfashop/shopify-platform/node_modules/egg-sequelize/lib/loader.js:134:22)
    at authenticate (/Users/Bobyang/Code/enfashop/shopify-platform/node_modules/egg-sequelize/lib/loader.js:142:13)
    at async authenticate (/Users/Bobyang/Code/enfashop/shopify-platform/node_modules/egg-sequelize/lib/loader.js:142:7)
    at async authenticate (/Users/Bobyang/Code/enfashop/shopify-platform/node_modules/egg-sequelize/lib/loader.js:142:7)
    at async Promise.all (index 0)
    at async /Users/Bobyang/Code/enfashop/shopify-platform/node_modules/egg-sequelize/lib/loader.js:40:5
name: "SequelizeConnectionError"
parent: {"code":"ER_BAD_DB_ERROR","errno":1049,"sqlState":"42000","sqlMessage":"Unknown database 'rb-platform'"}
original: {"code":"ER_BAD_DB_ERROR","errno":1049,"sqlState":"42000","sqlMessage":"Unknown database 'rb-platform'"}
pid: 14070
hostname: Bobs-MacBook-Pro.local

2020-11-09 11:55:31,760 ERROR 14857 [-/127.0.0.1/-/66ms POST /api/v1/users/login] nodejs.SequelizeDatabaseError: Data too long for column 'token' at row 1
    at Query.formatError (/Users/Bobyang/Code/enfashop/shopify-platform/node_modules/sequelize/lib/dialects/mysql/query.js:244:16)
    at Execute.handler [as onResult] (/Users/Bobyang/Code/enfashop/shopify-platform/node_modules/sequelize/lib/dialects/mysql/query.js:51:23)
    at Execute.execute (/Users/Bobyang/Code/enfashop/shopify-platform/node_modules/mysql2/lib/commands/command.js:30:14)
    at Connection.handlePacket (/Users/Bobyang/Code/enfashop/shopify-platform/node_modules/mysql2/lib/connection.js:417:32)
    at PacketParser.onPacket (/Users/Bobyang/Code/enfashop/shopify-platform/node_modules/mysql2/lib/connection.js:75:12)
    at PacketParser.executeStart (/Users/Bobyang/Code/enfashop/shopify-platform/node_modules/mysql2/lib/packet_parser.js:75:16)
    at Socket.<anonymous> (/Users/Bobyang/Code/enfashop/shopify-platform/node_modules/mysql2/lib/connection.js:82:25)
    at Socket.emit (events.js:209:13)
    at addChunk (_stream_readable.js:305:12)
    at readableAddChunk (_stream_readable.js:286:11)
    at Socket.Readable.push (_stream_readable.js:220:10)
    at TCP.onStreamRead (internal/stream_base_commons.js:182:23)
From previous event:
    at Query.run (/Users/Bobyang/Code/enfashop/shopify-platform/node_modules/sequelize/lib/dialects/mysql/query.js:39:12)
    at /Users/Bobyang/Code/enfashop/shopify-platform/node_modules/sequelize/lib/sequelize.js:645:29
From previous event:
    at /Users/Bobyang/Code/enfashop/shopify-platform/node_modules/sequelize/lib/sequelize.js:645:12
From previous event:
    at /Users/Bobyang/Code/enfashop/shopify-platform/node_modules/sequelize/lib/sequelize.js:641:10
    at /Users/Bobyang/Code/enfashop/shopify-platform/node_modules/retry-as-promised/index.js:70:21
    at new Promise (<anonymous>)
    at retryAsPromised (/Users/Bobyang/Code/enfashop/shopify-platform/node_modules/retry-as-promised/index.js:60:10)
    at /Users/Bobyang/Code/enfashop/shopify-platform/node_modules/sequelize/lib/sequelize.js:631:30
From previous event:
    at Sequelize.query (/Users/Bobyang/Code/enfashop/shopify-platform/node_modules/sequelize/lib/sequelize.js:580:23)
    at QueryInterface.insert (/Users/Bobyang/Code/enfashop/shopify-platform/node_modules/sequelize/lib/query-interface.js:885:27)
    at /Users/Bobyang/Code/enfashop/shopify-platform/node_modules/sequelize/lib/model.js:3985:52
    at processImmediate (internal/timers.js:439:21)
From previous event:
    at model.save (/Users/Bobyang/Code/enfashop/shopify-platform/node_modules/sequelize/lib/model.js:3962:8)
    at Function.create (/Users/Bobyang/Code/enfashop/shopify-platform/node_modules/sequelize/lib/model.js:2226:8)
    at UsersController.login (/Users/Bobyang/Code/enfashop/shopify-platform/app/controller/users.js:117:34)
    at async /Users/Bobyang/Code/enfashop/shopify-platform/node_modules/egg-development/app/middleware/egg_loader_trace.js:9:50
    at async xframe (/Users/Bobyang/Code/enfashop/shopify-platform/node_modules/egg-security/lib/middlewares/xframe.js:7:5)
    at async xssProtection (/Users/Bobyang/Code/enfashop/shopify-platform/node_modules/egg-security/lib/middlewares/xssProtection.js:7:5)
    at async nosniff (/Users/Bobyang/Code/enfashop/shopify-platform/node_modules/egg-security/lib/middlewares/nosniff.js:8:5)
    at async noopen (/Users/Bobyang/Code/enfashop/shopify-platform/node_modules/egg-security/lib/middlewares/noopen.js:8:5)
    at async session (/Users/Bobyang/Code/enfashop/shopify-platform/node_modules/koa-session/index.js:41:7)
    at async bodyParser (/Users/Bobyang/Code/enfashop/shopify-platform/node_modules/koa-bodyparser/index.js:95:5)
    at async /Users/Bobyang/Code/enfashop/shopify-platform/node_modules/koa-static-cache/index.js:51:63
    at async notfound (/Users/Bobyang/Code/enfashop/shopify-platform/node_modules/egg/app/middleware/notfound.js:5:5)
    at async meta (/Users/Bobyang/Code/enfashop/shopify-platform/node_modules/egg/app/middleware/meta.js:12:5)
    at async cors (/Users/Bobyang/Code/enfashop/shopify-platform/node_modules/@koa/cors/index.js:88:16)
name: "SequelizeDatabaseError"
parent: {"code":"ER_DATA_TOO_LONG","errno":1406,"sqlState":"22001","sqlMessage":"Data too long for column 'token' at row 1","sql":"INSERT INTO `rb_users_tokens` (`id`,`user_id`,`token`,`ip`,`expired_at`,`created_at`,`updated_at`) VALUES (DEFAULT,?,?,?,?,?,?);","parameters":[1,"0fd85889-4280-42b0-a401-98c4e71d9d2c","127.0.0.1","2020-11-24 03:55:31","2020-11-09 03:55:31","2020-11-09 03:55:31"]}
original: {"code":"ER_DATA_TOO_LONG","errno":1406,"sqlState":"22001","sqlMessage":"Data too long for column 'token' at row 1","sql":"INSERT INTO `rb_users_tokens` (`id`,`user_id`,`token`,`ip`,`expired_at`,`created_at`,`updated_at`) VALUES (DEFAULT,?,?,?,?,?,?);","parameters":[1,"0fd85889-4280-42b0-a401-98c4e71d9d2c","127.0.0.1","2020-11-24 03:55:31","2020-11-09 03:55:31","2020-11-09 03:55:31"]}
sql: "INSERT INTO `rb_users_tokens` (`id`,`user_id`,`token`,`ip`,`expired_at`,`created_at`,`updated_at`) VALUES (DEFAULT,?,?,?,?,?,?);"
parameters: [1,"0fd85889-4280-42b0-a401-98c4e71d9d2c","127.0.0.1","2020-11-24 03:55:31","2020-11-09 03:55:31","2020-11-09 03:55:31"]
headers: {"Access-Control-Allow-Origin":"http://localhost:3000","Access-Control-Allow-Credentials":"true","vary":"Origin"}
pid: 14857
hostname: Bobs-MacBook-Pro.local

